<?xml version="1.0" encoding="UTF-8"?>
<testng-results ignored="0" total="1" passed="1" failed="0" skipped="0">
  <reporter-output>
    <line>
      <![CDATA[setting up the Reports and Test is getting started]]>
    </line>
    <line>
      <![CDATA[settings completed and Test started]]>
    </line>
    <line>
      <![CDATA[Launching browser]]>
    </line>
    <line>
      <![CDATA[browser launched]]>
    </line>
    <line>
      <![CDATA[capturing ScreenShots]]>
    </line>
    <line>
      <![CDATA[Test Completed and report get generated]]>
    </line>
    <line>
      <![CDATA[browser is about close]]>
    </line>
    <line>
      <![CDATA[browser closed]]>
    </line>
  </reporter-output>
  <suite started-at="2021-05-22T16:55:01Z" name="Default suite" finished-at="2021-05-22T16:55:22Z" duration-ms="21374">
    <groups>
    </groups>
    <test started-at="2021-05-22T16:55:01Z" name="Default test" finished-at="2021-05-22T16:55:22Z" duration-ms="21374">
      <class name="com.flipKart.testCases.FlipKartLogin">
        <test-method is-config="true" signature="setUpSuite()[pri:0, instance:com.flipKart.testCases.FlipKartLogin@41a0aa7d]" started-at="2021-05-22T16:55:00Z" name="setUpSuite" finished-at="2021-05-22T16:55:01Z" duration-ms="792" status="PASS">
          <reporter-output>
            <line>
              <![CDATA[setting up the Reports and Test is getting started]]>
            </line>
            <line>
              <![CDATA[settings completed and Test started]]>
            </line>
          </reporter-output>
        </test-method> <!-- setUpSuite -->
        <test-method is-config="true" signature="setup()[pri:0, instance:com.flipKart.testCases.FlipKartLogin@41a0aa7d]" started-at="2021-05-22T16:55:01Z" name="setup" finished-at="2021-05-22T16:55:20Z" duration-ms="18711" status="PASS">
          <reporter-output>
            <line>
              <![CDATA[Launching browser]]>
            </line>
            <line>
              <![CDATA[browser launched]]>
            </line>
          </reporter-output>
        </test-method> <!-- setup -->
        <test-method signature="login()[pri:0, instance:com.flipKart.testCases.FlipKartLogin@41a0aa7d]" started-at="2021-05-22T16:55:20Z" name="login" finished-at="2021-05-22T16:55:21Z" duration-ms="1337" status="PASS">
          <reporter-output>
          </reporter-output>
        </test-method> <!-- login -->
        <test-method is-config="true" signature="tearDownMethod(org.testng.ITestResult)[pri:0, instance:com.flipKart.testCases.FlipKartLogin@41a0aa7d]" started-at="2021-05-22T16:55:21Z" name="tearDownMethod" finished-at="2021-05-22T16:55:22Z" duration-ms="631" status="PASS">
          <params>
            <param index="0">
              <value>
                <![CDATA[[TestResult name=login status=SUCCESS method=FlipKartLogin.login()[pri:0, instance:com.flipKart.testCases.FlipKartLogin@41a0aa7d] output={null}]]]>
              </value>
            </param>
          </params>
          <reporter-output>
            <line>
              <![CDATA[capturing ScreenShots]]>
            </line>
            <line>
              <![CDATA[Test Completed and report get generated]]>
            </line>
          </reporter-output>
        </test-method> <!-- tearDownMethod -->
        <test-method is-config="true" signature="tearDown()[pri:0, instance:com.flipKart.testCases.FlipKartLogin@41a0aa7d]" started-at="2021-05-22T16:55:22Z" name="tearDown" finished-at="2021-05-22T16:55:22Z" duration-ms="670" status="PASS">
          <reporter-output>
            <line>
              <![CDATA[browser is about close]]>
            </line>
            <line>
              <![CDATA[browser closed]]>
            </line>
          </reporter-output>
        </test-method> <!-- tearDown -->
      </class> <!-- com.flipKart.testCases.FlipKartLogin -->
    </test> <!-- Default test -->
  </suite> <!-- Default suite -->
</testng-results>
